[    0.000000] Linux version 4.15.0-99-generic (buildd@lcy01-amd64-01) (gcc version 7.5.0 (Ubuntu 7.5.0-3ubuntu1~18.04)) #100-Ubuntu SMP Wed Apr 22 20:32:56 UTC 2020 (Ubuntu 4.15.0-99.100-generic 4.15.18)
[    0.000000] Command line: BOOT_IMAGE=/boot/vmlinu-4.15.0-99-generic oot=LABEL=loudmg-rootfs ro console=tty1 console=ttyS0
[    0.000000] KERNEL supported cpus:
[    0.000000]   Intel GenuineIntel
[    0.000000]   AMD AuthenticAMD
[    0.000000]   Centaur CentaurHauls
[    0.000000] x8/fpu: Supporting XSAVE feature 0x001: x87 loating point registrs'
[    0.000000] x86/fpu: Supporing SAVE feature 0x002: 'SSE registers'
[    0.000000] x86/fpu: Enabled xstate features 0x3, context size is 576 byte, usin 'standard' format.
[    0.000000] e820: BIOS-provided physical RAM map:
[    0.00000] IOS-e820 [mem 0x000000000000000-0x0000000009fff] usble
[    .000000] BIOS-e820: [mem 0x000000000009fc00-0x000000000009ffff] reserved
[    0.000000] BIOSe820: mem x000000000f0000-0x0000000000fffff] reserved
[    0.000000] BIOS-e820: [mem 0x0000000000100000-0x000000003ffeffff] usable
[    0.00000] BIO-e82: mem 0x0000003fff000-0x00000003ffffff] API dta
[   0.000000] BIOS-e820: [mem 0x00000000fec00000-0x00000000fec00fff] reserved
[    0.000000] BIOS-e820: [mem 0x00000000fee00000-0x00000000fee0fff] reserved
[    0.000000] BIOS-e820: [mem 0x00000000fffc0000-0x00000000fffffff]reserved
[   0.000000] NX (Execute Disable protection: active
[    0.000000] SMBIOS 2.5 present.
[    0.000000] DMI: innotek GmbH VirtualBox/VirtualBox, BIOS VirtualBox 12/01/2006
[    0.000000] Hypervisor detected: KVM
[    0.000000] e820: las_pfn = 0x3ff0 max_arch_pfn = 0x40000000
[    0.000000] MTRR: Disabled
[    0.000000] x86/PA: MTRs dsabld, skiping PAT initialization too.
[    0.000000] CPU MTRRs all blank - virtualized system.
[    0.000000] x86/PAT: Configuration [0-7]: WB  WT  UC- UC  WB  WT  C- UC 
[    000000] fund SM MP-table at [mem 0x0009fff0-0x0009ffff]
[    0.000000] Scanning 1 areas for low memory corruption
[    0.000000] RAMDISK: [mem 0x35ab000-036d2cfff]
[    0.000000] ACPI: Early table checksum verification disaled
[    0.000000] ACPI: RSDP 0x0000000000E0000 000024 (v02 VBOX  )
[    0.000000] ACPI: XSDT 0x000000003FFF0030 00003C (v01 VBOX   VBOXXSDT 00000001 SL  0000061)
[    0.000000] ACPI: FACP 0x000000003FFF00F0 0000F4 (v04 VBOX   VBOXFAP 0000001 ASL  00000061)
[    0.000000] ACPI: DSDT 0x000000003FFF0470 0021FF (v02 VBOX  VBOXBIOS 00000002INTL 2180105
[   0.000000] ACPI: FACS 0x000000003FFF0200 000040
[    0.000000] ACPI: FACS 0x000000003FFF0200 000040
[    0.000000] ACPI: APIC 0x000000003FFF0240 00005C (v02 VBOX   VBOXAPIC 00000001 ASL  00000061)
[    .000000] ACPI: SSDT 0x00000003FFF02A0 0001CC (v01 VBOX   VBOXCPUT 00000002 INTL 20180105)
[    0.000000] No NUMA configuration found
[    0.000000] Faking a node at [me 0x0000000000000000-0x000000003ffeffff]
[    0.000000] NODE_DATA(0) allocated [mem 0x3ffc5000-0x3ffeffff]
[    0.000000] kvm-clock: cpu 0, msr 0:3ff44001, primary cpu lock
[   0.000000] kvm-clock: Using msrs 4b564d0 and 4564d00
[    0.000000] kv-clock usig sched offset of 4472159376 cycles
[    0.000000] clocksource: kvm-clock: mask: 0xffffffffffffffff max_cycles: 0x1cd42e4dffb, max_idle_ns: 881590591483 ns
[    0.000000] Zone ranges:
[    0.000000]   DMA      [mem 0x0000000000001000-0x0000000000ffffff]
[    0.000000]   DMA2    [em 0x00000000100000-x000000003ffeffff]
[    0.000000]   Normal   empty
[    0.000000]   Device   empty
[    0.000000] Movable zone start for each node
[    0.000000] Early memory node ranges
[    0.000000]   node   0: [mem 0x000000000001000-0x000000000009efff]
[    0.000000]   node   0: [mem 0x000000000010000-0x000000003ffeffff]
[    0.000000] Reserved but unavailable: 98 pages
[    0.000000] Iitmem etup node 0 [mem 0x000000000001000-0x000000003ffeffff]
[   0.000000 ACPI: PM-Timer IO Port: 04008
[    0.000000] IOAPIC[0]: apic_id 2, version 32, address 0xfec00000, GSI 0-23
[    0.000000] ACPI: INT_SRC_OVR (bus 0 bus_irq 0 global_irq 2 dfl dfl)
[    0.000000] ACPI: INT_SRC_OVR (bus 0 bus_irq 9 global_irq 9 low level)
[    .000000] Using ACPI (MADT) for SMP configuration information
[    0.000000] smpboot: Alloing 2 CPUs 0 htplug PUs
[    0.000000] PM: Registered nosave memory: [mem 0x00000000-0x00000fff]
[    0.000000] PM: Registered nosav memory: [mem 0x0009f000-0x0009ffff]
[    0.000000] PM: Registered nosave memory: [mem 0x000a0000-0x000effff]
[    0.000000] PM: Registered nosave memory: [mem 0x000f0000-0x000fffff]
[    0.000000] e820: [mem 0x40000000-0xfebfffff] available for PCI devices
[    0.000000] Booting paravirtualized kernel on KVM
[    0.000000] clocksource: refined-jiffies: mask: 0xffffffff max_cycles: 0xffffffff, max_idle_ns: 7645519600211568 ns
[    0.000000] random: get_random_bytes called from start_kernel+0x99/0x4fd with crng_init=0
[    0.000000] setup_percpu: NR_CPUS:8192 nr_cpumask_bits:2 nr_cpu_ids:2 nr_node_ids:1
[    0.000000] percpu: Embedded 45 pages/cpu s147456 r8192 d28672 u1048576
[    0.000000] PV qspinlock hash table entries: 256 (order: 0, 4096 bytes)
[    0.000000] Built 1 zonelists, mobility grouping on.  Total pages: 257913
[    0.000000] Policy zone: DMA32
[    0.000000] Kernel command line: BOOT_IMAGE=/boot/vmlinuz-4.15.0-99-generic root=LABEL=cloudimg-rootfs ro console=tty1 console=ttyS0
[    0.000000] Memory: 983060K/1048120K available (12300K kernel code, 2481K rwdata, 4268K rodata, 2432K init, 2712K bss, 65060K reserved, 0K cma-reserved)
[    0.000000] SLUB: HWalign=64, Order=0-3, MinObjects=0, CPUs=2, Nodes=1
[    0.000000] Kernel/User page tables isolation: enabled
[    0.000000] ftrace: allocating 39364 entries in 154 pages
[    0.004000] Hierarchical RCU implementation.
[    0.004000] 	RCU restricting CPUs from NR_CPUS=8192 to nr_cpu_ids=2.
[    0.004000] 	Tasks RCU enabled.
[    0.004000] RCU: Adjusting geometry for rcu_fanout_leaf=16, nr_cpu_ids=2
[    0.004000] NR_IRQS: 524544, nr_irqs: 440, preallocated irqs: 16
[    0.004000] Console: colour VGA+ 80x25
[    0.004000] console [tty1] enabled
[    0.004000] console [ttyS0] enabled
[    0.004000] ACPI: Core revision 20170831
[    0.004000] ACPI: 2 ACPI AML tables successfully acquired and loaded
[    0.004000] APIC: Switch to symmetric I/O mode setup
[    0.004000] x2apic enabled
[    0.004012] Switched APIC routing to physical x2apic.
[    0.010049] ..TIMER: vector=0x30 apic1=0 pin1=2 apic2=-1 pin2=-1
[    0.012006] tsc: Detected 1512.014 MHz processor
[    0.016024] Calibrating delay loop (skipped) preset value.. 3024.02 BogoMIPS (lpj=6048056)
[    0.020008] pid_max: default: 32768 minimum: 301
[    0.023169] Security Framework initialized
[    0.024011] Yama: becoming mindful.
[    0.028056] AppArmor: AppArmor initialized
[    0.032083] Dentry cache hash table entries: 131072 (order: 8, 1048576 bytes)
[    0.036122] Inode-cache hash table entries: 65536 (order: 7, 524288 bytes)
[    0.040032] Mount-cache hash table entries: 2048 (order: 2, 16384 bytes)
[    0.044021] Mountpoint-cache hash table entries: 2048 (order: 2, 16384 bytes)
[    0.048494] Last level iTLB entries: 4KB 128, 2MB 8, 4MB 8
[    0.052010] Last level dTLB entries: 4KB 64, 2MB 0, 4MB 0, 1GB 4
[    0.056006] Spectre V1 : Mitigation: usercopy/swapgs barriers and __user pointer sanitization
[    0.060011] Spectre V2 : Mitigation: Full generic retpoline
[    0.064007] Spectre V2 : Spectre v2 / SpectreRSB mitigation: Filling RSB on context switch
[    0.068010] Speculative Store Bypass: Vulnerable
[    0.069914] MDS: Mitigation: Clear CPU buffers
[    0.072314] Freeing SMP alternatives memory: 36K
[    0.189965] APIC calibration not consistent with PM-Timer: 98ms instead of 100ms
[    0.192000] APIC delta adjusted to PM-Timer: 6250342 (6139498)
[    0.192112] smpboot: CPU0: Intel(R) Celeron(R) CPU 3965Y @ 1.50GHz (family: 0x6, model: 0x8e, stepping: 0x9)
[    0.196180] Performance Events: unsupported p6 CPU model 142 no PMU driver, software events only.
[    0.200110] Hierarchical SRCU implementation.
[    0.205200] NMI watchdog: Perf event create on CPU 0 failed with -2
[    0.207181] NMI watchdog: Perf NMI watchdog permanently disabled
[    0.208136] smp: Bringing up secondary CPUs ...
[    0.212209] x86: Booting SMP configuration:
[    0.216012] .... node  #0, CPUs:      #1
[    0.004000] kvm-clock: cpu 1, msr 0:3ff44041, secondary cpu clock
[    0.227275] smp: Brought up 1 node, 2 CPUs
[    0.228012] smpboot: Max logical packages: 1
[    0.229303] smpboot: Total of 2 processors activated (6048.05 BogoMIPS)
[    0.232237] devtmpfs: initialized
[    0.236141] x86/mm: Memory block size: 128MB
[    0.244350] evm: security.selinux
[    0.245486] evm: security.SMACK64
[    0.248011] evm: security.SMACK64EXEC
[    0.252005] evm: security.SMACK64TRANSMUTE
[    0.253261] evm: security.SMACK64MMAP
[    0.256008] evm: security.apparmor
[    0.257137] evm: security.ima
[    0.258100] evm: security.capability
[    0.260209] clocksource: jiffies: mask: 0xffffffff max_cycles: 0xffffffff, max_idle_ns: 7645041785100000 ns
[    0.264015] futex hash table entries: 512 (order: 3, 32768 bytes)
[    0.268046] pinctrl core: initialized pinctrl subsystem
[    0.272220] RTC time:  7:58:57, date: 05/17/20
[    0.276353] NET: Registered protocol family 16
[    0.280164] audit: initializing netlink subsys (disabled)
[    0.284088] audit: type=2000 audit(1589702334.527:1): state=initialized audit_enabled=0 res=1
[    0.304019] cpuidle: using governor ladder
[    0.305389] cpuidle: using governor menu
[    0.308131] ACPI: bus type PCI registered
[    0.310719] acpiphp: ACPI Hot Plug PCI Controller Driver version: 0.5
[    0.312199] PCI: Using configuration type 1 for base access
[    0.324117] HugeTLB registered 2.00 MiB page size, pre-allocated 0 pages
[    0.336149] ACPI: Added _OSI(Module Device)
[    0.340073] ACPI: Added _OSI(Processor Device)
[    0.344010] ACPI: Added _OSI(3.0 _SCP Extensions)
[    0.348012] ACPI: Added _OSI(Processor Aggregator Device)
[    0.352011] ACPI: Added _OSI(Linux-Dell-Video)
[    0.356009] ACPI: Added _OSI(Linux-Lenovo-NV-HDMI-Audio)
[    0.360013] ACPI: Added _OSI(Linux-HPI-Hybrid-Graphics)
[    0.364634] ACPI: Executed 1 blocks of module-level executable AML code
[    0.378877] ACPI: Interpreter enabled
[    0.380038] ACPI: (supports S0 S5)
[    0.384013] ACPI: Using IOAPIC for interrupt routing
[    0.392300] PCI: Using host bridge windows from ACPI; if necessary, use "pci=nocrs" and report a bug
[    0.400149] ACPI: Enabled 2 GPEs in block 00 to 07
[    0.415662] ACPI: PCI Root Bridge [PCI0] (domain 0000 [bus 00-ff])
[    0.416026] acpi PNP0A03:00: _OSC: OS supports [ASPM ClockPM Segments MSI]
[    0.420082] acpi PNP0A03:00: _OSC: not requesting OS control; OS requires [ExtendedConfig ASPM ClockPM MSI]
[    0.424039] acpi PNP0A03:00: fail to add MMCONFIG information, can't access extended PCI configuration space under this bridge.
[    0.428689] PCI host bridge to bus 0000:00
[    0.432014] pci_bus 0000:00: root bus resource [io  0x0000-0x0cf7 window]
[    0.436014] pci_bus 0000:00: root bus resource [io  0x0d00-0xffff window]
[    0.440015] pci_bus 0000:00: root bus resource [mem 0x000a0000-0x000bffff window]
[    0.444015] pci_bus 0000:00: root bus resource [mem 0x40000000-0xfdffffff window]
[    0.448018] pci_bus 0000:00: root bus resource [bus 00-ff]
[    0.457948] pci 0000:00:01.1: legacy IDE quirk: reg 0x10: [io  0x01f0-0x01f7]
[    0.460014] pci 0000:00:01.1: legacy IDE quirk: reg 0x14: [io  0x03f6]
[    0.464015] pci 0000:00:01.1: legacy IDE quirk: reg 0x18: [io  0x0170-0x0177]
[    0.468015] pci 0000:00:01.1: legacy IDE quirk: reg 0x1c: [io  0x0376]
[    0.511117] pci 0000:00:07.0: quirk: [io  0x4000-0x403f] claimed by PIIX4 ACPI
[    0.512040] pci 0000:00:07.0: quirk: [io  0x4100-0x410f] claimed by PIIX4 SMB
[    0.539394] ACPI: PCI Interrupt Link [LNKA] (IRQs 5 9 10 *11)
[    0.540659] ACPI: PCI Interrupt Link [LNKB] (IRQs 5 9 *10 11)
[    0.544257] ACPI: PCI Interrupt Link [LNKC] (IRQs 5 *9 10 11)
[    0.548247] ACPI: PCI Interrupt Link [LNKD] (IRQs 5 9 10 *11)
[    0.552794] SCSI subsystem initialized
[    0.556130] pci 0000:00:02.0: vgaarb: setting as boot VGA device
[    0.557873] pci 0000:00:02.0: vgaarb: VGA device added: decodes=io+mem,owns=io+mem,locks=none
[    0.560018] pci 0000:00:02.0: vgaarb: bridge control possible
[    0.564012] vgaarb: loaded
[    0.568086] ACPI: bus type USB registered
[    0.572044] usbcore: registered new interface driver usbfs
[    0.576076] usbcore: registered new interface driver hub
[    0.580815] usbcore: registered new device driver usb
[    0.584175] EDAC MC: Ver: 3.0.0
[    0.585700] PCI: Using ACPI for IRQ routing
[    0.588562] NetLabel: Initializing
[    0.592010] NetLabel:  domain hash size = 128
[    0.596010] NetLabel:  protocols = UNLABELED CIPSOv4 CALIPSO
[    0.600056] NetLabel:  unlabeled traffic allowed by default
[    0.604223] clocksource: Switched to clocksource kvm-clock
[    0.648209] VFS: Disk quotas dquot_6.6.0
[    0.652438] VFS: Dquot-cache hash table entries: 512 (order 0, 4096 bytes)
[    0.657738] AppArmor: AppArmor Filesystem Enabled
[    0.662492] pnp: PnP ACPI init
[    0.667335] pnp: PnP ACPI: found 3 devices
[    0.687119] clocksource: acpi_pm: mask: 0xffffff max_cycles: 0xffffff, max_idle_ns: 2085701024 ns
[    0.694848] NET: Registered protocol family 2
[    0.702566] TCP established hash table entries: 8192 (order: 4, 65536 bytes)
[    0.708032] TCP bind hash table entries: 8192 (order: 5, 131072 bytes)
[    0.716786] TCP: Hash tables configured (established 8192 bind 8192)
[    0.758370] UDP hash table entries: 512 (order: 2, 16384 bytes)
[    0.768535] UDP-Lite hash table entries: 512 (order: 2, 16384 bytes)
[    1.100289] NET: Registered protocol family 1
[    1.300212] pci 0000:00:00.0: Limiting direct PCI/PCI transfers
[    1.308627] pci 0000:00:01.0: Activating ISA DMA hang workarounds
[    1.370719] pci 0000:00:02.0: Video device with shadowed ROM at [mem 0x000c0000-0x000dffff]
[    1.661242] Unpacking initramfs...
[    2.491276] Freeing initrd memory: 19208K
[    2.494719] clocksource: tsc: mask: 0xffffffffffffffff max_cycles: 0x15cb77c51ca, max_idle_ns: 440795234296 ns
[    2.536976] platform rtc_cmos: registered platform RTC device (no PNP device found)
[    2.553863] Scanning for low memory corruption every 60 seconds
[    2.566353] Initialise system trusted keyrings
[    2.584449] Key type blacklist registered
[    2.610675] workingset: timestamp_bits=36 max_order=18 bucket_order=0
[    2.643537] zbud: loaded
[    2.675406] squashfs: version 4.0 (2009/01/31) Phillip Lougher
[    2.824660] fuse init (API version 7.26)
[    2.848942] Key type asymmetric registered
[    2.850256] Asymmetric key parser 'x509' registered
[    2.869041] Block layer SCSI generic (bsg) driver version 0.4 loaded (major 246)
[    2.904386] io scheduler noop registered
[    2.905656] io scheduler deadline registered
[    2.908836] io scheduler cfq registered (default)
[    2.910845] ACPI: AC Adapter [AC] (on-line)
[    2.918991] input: Power Button as /devices/LNXSYSTM:00/LNXPWRBN:00/input/input0
[    2.921284] ACPI: Power Button [PWRF]
[    2.968689] input: Sleep Button as /devices/LNXSYSTM:00/LNXSLPBN:00/input/input1
[    3.026325] ACPI: Sleep Button [SLPF]
[    3.049368] Serial: 8250/16550 driver, 32 ports, IRQ sharing enabled
[    3.050676] ACPI: Battery Slot [BAT0] (battery present)
[    3.090059] 00:02: ttyS0 at I/O 0x3f8 (irq = 4, base_baud = 115200) is a 16550A
[    3.120868] Linux agpgart interface v0.103
[    3.161377] loop: module loaded
[    3.163616] scsi host0: ata_piix
[    3.187248] scsi host1: ata_piix
[    3.188590] ata1: PATA max UDMA/33 cmd 0x1f0 ctl 0x3f6 bmdma 0xd000 irq 14
[    3.195327] ata2: PATA max UDMA/33 cmd 0x170 ctl 0x376 bmdma 0xd008 irq 15
[    3.198903] libphy: Fixed MDIO Bus: probed
[    3.207482] tun: Universal TUN/TAP device driver, 1.6
[    3.221298] PPP generic driver version 2.4.2
[    3.264866] ehci_hcd: USB 2.0 'Enhanced' Host Controller (EHCI) Driver
[    3.304311] ehci-pci: EHCI PCI platform driver
[    3.316135] ehci-platform: EHCI generic platform driver
[    3.331491] ohci_hcd: USB 1.1 'Open' Host Controller (OHCI) Driver
[    3.377089] ohci-pci: OHCI PCI platform driver
[    3.436553] ohci-platform: OHCI generic platform driver
[    3.478743] uhci_hcd: USB Universal Host Controller Interface driver
[    3.491510] i8042: PNP: PS/2 Controller [PNP0303:PS2K,PNP0f03:PS2M] at 0x60,0x64 irq 1,12
[    3.539628] serio: i8042 KBD port at 0x60,0x64 irq 1
[    3.541242] serio: i8042 AUX port at 0x60,0x64 irq 12
[    3.542898] mousedev: PS/2 mouse device common for all mice
[    3.580971] input: AT Translated Set 2 keyboard as /devices/platform/i8042/serio0/input/input2
[    3.584171] rtc_cmos rtc_cmos: rtc core: registered rtc_cmos as rtc0
[    3.597298] rtc_cmos rtc_cmos: alarms up to one day, 114 bytes nvram
[    3.674098] i2c /dev entries driver
[    3.675316] device-mapper: uevent: version 1.0.3
[    3.682433] device-mapper: ioctl: 4.37.0-ioctl (2017-09-20) initialised: dm-devel@redhat.com
[    3.698267] ledtrig-cpu: registered to indicate activity on CPUs
[    3.771030] NET: Registered protocol family 10
[    3.815590] Segment Routing with IPv6
[    3.830639] NET: Registered protocol family 17
[    3.832663] Key type dns_resolver registered
[    3.865561] mce: Using 0 MCE banks
[    3.921240] RAS: Correctable Errors collector initialized.
[    3.925846] sched_clock: Marking stable (3925809613, 0)->(13621868943, -9696059330)
[    3.942849] registered taskstats version 1
[    3.944186] Loading compiled-in X.509 certificates
[    3.951897] Loaded X.509 cert 'Build time autogenerated kernel key: 7480108fe56bba9284001dfb9078560125be4684'
[    4.013475] zswap: loaded using pool lzo/zbud
[    4.023914] Key type big_key registered
[    4.045075] Key type trusted registered
[    4.050992] Key type encrypted registered
[    4.052346] AppArmor: AppArmor sha1 policy hashing enabled
[    4.053954] ima: No TPM chip found, activating TPM-bypass! (rc=-19)
[    4.055750] ima: Allocated hash algorithm: sha1
[    4.061116] evm: HMAC attrs: 0x1
[    4.062613]   Magic number: 4:454:976
[    4.063920] rtc_cmos rtc_cmos: setting system clock to 2020-05-17 07:59:02 UTC (1589702342)
[    4.066863] BIOS EDD facility v0.16 2004-Jun-25, 0 devices found
[    4.110308] EDD information not available.
[    4.154380] Freeing unused kernel image memory: 2432K
[    4.197792] Write protecting the kernel read-only data: 20480k
[    4.544415] Freeing unused kernel image memory: 2008K
[    4.548443] Freeing unused kernel image memory: 1876K
[    4.565453] x86/mm: Checked W+X mappings: passed, no W+X pages found.
[    6.644126] x86/mm: Checking user space page tables
[    8.181194] x86/mm: Checked W+X mappings: passed, no W+X pages found.
Loading, please wait...
starting version 237
[    8.420082] Fusion MPT base driver 3.04.20
[    8.423700] Copyright (c) 1999-2008 LSI Corporation
[    8.454699] e1000: Intel(R) PRO/1000 Network Driver - version 7.3.21-k8-NAPI
[    8.459696] e1000: Copyright (c) 1999-2006 Intel Corporation.
[    8.476239] Fusion MPT SPI Host driver 3.04.20
[    8.489543] SSE version of gcm_enc/dec engaged.
[    8.736784] input: ImExPS/2 Generic Explorer Mouse as /devices/platform/i8042/serio1/input/input4
[    8.934152] e1000 0000:00:03.0 eth0: (PCI:33MHz:32-bit) 02:eb:10:d0:50:f8
[    8.936372] e1000 0000:00:03.0 eth0: Intel(R) PRO/1000 Network Connection
[    9.853194] e1000 0000:00:08.0 eth1: (PCI:33MHz:32-bit) 08:00:27:c2:9b:9c
[   11.562820] e1000 0000:00:08.0 eth1: Intel(R) PRO/1000 Network Connection
[   12.947763] mptbase: ioc0: Initiating bringup
[   12.947833] e1000 0000:00:03.0 enp0s3: renamed from eth0
[   13.012996] e1000 0000:00:08.0 enp0s8: renamed from eth1
[   13.299909] ioc0: LSI53C1030 A0: Capabilities={Initiator}
[   15.851248] scsi host2: ioc0: LSI53C1030 A0, FwRev=00000000h, Ports=1, MaxQ=256, IRQ=20
[   17.918314] scsi 2:0:0:0: Direct-Access     VBOX     HARDDISK         1.0  PQ: 0 ANSI: 5
[   18.507715] scsi target2:0:0: Beginning Domain Validation
[   18.511751] scsi target2:0:0: Domain Validation skipping write tests
[   19.684719] scsi target2:0:0: Ending Domain Validation
[   20.319459] scsi target2:0:0: asynchronous
[   20.669201] scsi 2:0:1:0: Direct-Access     VBOX     HARDDISK         1.0  PQ: 0 ANSI: 5
[   22.507781] scsi target2:0:1: Beginning Domain Validation
[   23.827949] random: fast init done
[   24.626205] scsi target2:0:1: Domain Validation skipping write tests
[   24.629130] scsi target2:0:1: Ending Domain Validation
[   25.669445] scsi target2:0:1: asynchronous
[   26.338580] random: systemd-udevd: uninitialized urandom read (16 bytes read)
[   26.349268] sd 2:0:0:0: Attached scsi generic sg0 type 0
[   26.349362] random: systemd-udevd: uninitialized urandom read (16 bytes read)
[   26.355232] random: systemd-udevd: uninitialized urandom read (16 bytes read)
[   26.416379] sd 2:0:0:0: [sda] 20971520 512-byte logical blocks: (10.7 GB/10.0 GiB)
[   26.416842] sd 2:0:1:0: [sdb] 20480 512-byte logical blocks: (10.5 MB/10.0 MiB)
[   26.457040] sd 2:0:1:0: Attached scsi generic sg1 type 0
[   26.465340] sd 2:0:1:0: [sdb] Write Protect is off
[   26.485264] sd 2:0:0:0: [sda] Write Protect is off
[   28.660396] sd 2:0:0:0: [sda] Incomplete mode parameter data
[   28.662152] sd 2:0:0:0: [sda] Assuming drive cache: write through
[   28.673623] sd 2:0:1:0: [sdb] Incomplete mode parameter data
[   28.675415] sd 2:0:1:0: [sdb] Assuming drive cache: write through
[   28.694110]  sda: sda1
[   28.700694] sd 2:0:0:0: [sda] Attached SCSI disk
[   28.708713] sd 2:0:1:0: [sdb] Attached SCSI disk
Begin: Loading essential drivers ... [   30.573751] raid6: sse2x1   gen()  5681 MB/s
[   30.632700] raid6: sse2x1   xor()  3423 MB/s
[   30.732323] raid6: sse2x2   gen()  5017 MB/s
[   30.792987] raid6: sse2x2   xor()  3989 MB/s
[   31.064271] raid6: sse2x4   gen()  6756 MB/s
[   31.313089] raid6: sse2x4   xor()  4762 MB/s
[   31.518065] raid6: using algorithm sse2x4 gen() 6756 MB/s
[   31.814633] raid6: .... xor() 4762 MB/s, rmw enabled
[   31.952445] raid6: using ssse3x2 recovery algorithm
[   31.970482] xor: measuring software checksum speed
[   32.028138]    prefetch64-sse:  6765.000 MB/sec
[   32.108247]    generic_sse:  6653.000 MB/sec
[   32.113260] xor: using function: prefetch64-sse (6765.000 MB/sec)
[   32.149164] async_tx: api initialized (async)
done.
Begin: Running /scripts/init-premount ... done.
Begin: Mounting root file system ... Begin: Running /scripts/local-top ... done.
Begin: Running /scripts/local-premount ... [   32.249958] Btrfs loaded, crc32c=crc32c-intel
Scanning for Btrfs filesystems
done.
Warning: fsck not present, so skipping root file[   32.312488] EXT4-fs (sda1): mounted filesystem with ordered data mode. Opts: (null)
 system
done.
Begin: Running /scripts/local-bottom ... done.
Begin: Running /scripts/init-bottom ... done.
[   32.572607] ip_tables: (C) 2000-2006 Netfilter Core Team
[   32.661629] systemd[1]: systemd 237 running in system mode. (+PAM +AUDIT +SELINUX +IMA +APPARMOR +SMACK +SYSVINIT +UTMP +LIBCRYPTSETUP +GCRYPT +GNUTLS +ACL +XZ +LZ4 +SECCOMP +BLKID +ELFUTILS +KMOD -IDN2 +IDN -PCRE2 default-hierarchy=hybrid)
[   32.798871] systemd[1]: Detected virtualization oracle.
[   32.820378] systemd[1]: Detected architecture x86-64.

Welcome to [1mUbuntu 18.04.4 LTS[0m!

[   32.913029] systemd[1]: Set hostname to <ubuntu>.
[   34.725243] systemd[1]: Initializing machine ID from random generator.
[   34.739659] systemd[1]: Installed transient /etc/machine-id file.
[   35.241594] systemd[1]: Reached target User and Group Name Lookups.
[[0;32m  OK  [0m] Reached target User and Group Name Lookups.
[   35.408617] systemd[1]: Set up automount Arbitrary Executable File Formats File System Automount Point.
[[0;32m  OK  [0m] Set up automount Arbitrary Executab…rmats File System Automount Point.
[   35.530067] systemd[1]: Created slice System Slice.
[[0;32m  OK  [0m] Created slice System Slice.
[   35.539132] systemd[1]: Listening on Journal Socket.
[[0;32m  OK  [0m] Listening on Journal Socket.
         Starting Uncomplicated firewall...
         Starting Remount Root and Kernel File Systems...
         Mounting Kernel Debug File System...
[[0;32m  OK  [0m] Listening on Journal Socket (/dev/log).
[[0;32m  OK  [0m] Started Forward Password Requests to Wall Directory Watch.
[[0;32m  OK  [0m] Created slice User and Session Slice.
[   35.631157] EXT4-fs (sda1): re-mounted. Opts: (null)
         Starting Load Kernel Modules...
[[0;32m  OK  [0m] Listening on udev Kernel Socket.
[[0;32m  OK  [0m] Listening on LVM2 metadata daemon socket.
[[0;32m  OK  [0[   35.690358] Loading iSCSI transport class v2.0-870.
m] Reached target System Time Synchronized.
[[0;32m  OK  [0m] Listening on Journal Audit Socket.
[[0;32m  OK  [0m] Reached target Swap.
[   35.740287] iscsi: registered transport (tcp)
[[0;32m  OK  [0m] Listening on Syslog Socket.
[[0;32m  OK  [0m] [   35.774512] iscsi: registered transport (iser)
Listening on /dev/initctl Compatibility Named Pipe.
[[0;32m  OK  [0m] Reached target Slices.
         Starting Journal Service...
         Starting Set the console keyboard layout...
[[0;32m  OK  [0m] Listening on Network Service Netlink Socket.
         Mounting POSIX Message Queue File System...
[[0;32m  OK  [0m] Created slice system-serial\x2dgetty.slice.
[[0;32m  OK  [0m] Listening on Device-mapper event daemon FIFOs.
         Starting Monitoring of LVM2 mirrors…ng dmeventd or progress polling...
[[0;32m  OK  [0m] Listening on udev Control Socket.
         Starting udev Coldplug all Devices...
         Mountin[   35.937003] random: crng init done
g Huge Pages File System...
[   35.950231] random: 7 urandom warning(s) missed due to ratelimiting
[[0;32m  OK  [0m] Listening on LVM2 poll daemon socket.
         Starting Create list of required st…ce nodes for the current kernel...
[[0;32m  OK  [0m] Started Uncomplicated firewall.
[[0;32m  OK  [0m] Started Remount Root and Kernel File Systems.
[[0;32m  OK  [0m] Mounted Kernel Debug File System.
[[0;32m  OK  [0m] Started Load Kernel Modules.
[[0;32m  OK  [0m] Mounted POSIX Message Queue File System.
[[0;32m  OK  [0m] Mounted Huge Pages File System.
[[0;32m  OK  [0m] Started Create list of required sta…vice nodes for the current kernel.
[[0;32m  OK  [0m] Started LVM2 metadata daemon.
         Starting Create Static Device Nodes in /dev...
         Mounting Kernel Configuration File System...
         Mounting FUSE Control File System...
         Starting Apply Kernel Variables...
         Starting Load/Save Random Seed...
[[0;32m  OK  [0m] Mounted Kernel Configuration File System.
[[0;32m  OK  [0m] Mounted FUSE Control File System.
[[0;32m  OK  [0m] Started Create Static Device Nodes in /dev.
[[0;32m  OK  [0m] Started Load/Save Random Seed.
[[0;32m  OK  [0m] Started Journal Service.
[[0;32m  OK  [0m] Started Set the console keyboard layout.
[[0;32m  OK  [0m] Started Monitoring of LVM2 mirrors,…sing dmeventd or progress polling.
[[0;32m  OK  [0m] Started Apply Kernel Variables.
         Starting Flush Journal to Persistent Storage...
[[0;32m  OK  [0m] Reached target Local File Systems (Pre).
[[0;32m  OK  [0m] Reached target Local File Systems.
         Starting Commit a transient machine-id on disk...
         Starting AppArmor initialization...
         Starting Tell Plymouth To Write Out Runtime Data...
         Starting ebtables ruleset management...
         Starting Set console font and keymap...
         Starting udev Kernel Device Manager...
[[0;32m  OK  [0m] Started udev Coldplug all Devices.
[[0;32m  OK  [0m] Started Commit a transient machine-id on disk.
[[0;32m  OK  [0m] Started Tell Plymouth To Write Out Runtime Data.
[[0;32m  OK  [0m] Started udev Kernel Device Manager.
[[0;32m  OK  [0m] Started Set console font and keymap.
[[0;32m  OK  [0m] Started Dispatch Password Requests to Console Directory Watch.
[[0;32m  OK  [0m] Reached target Local Encrypted Volumes.
[[0;32m  OK  [0m] Started ebtables ruleset management.
[[0;32m  OK  [0m] Started Flush Journal to Persistent Storage.
         Starting Create Volatile Files and Directories...
[[0;32m  OK  [0m] Started Create Volatile Files and Directories.
         Starting Update UTMP about System Boot/Shutdown...
[[0;32m  OK  [0m] Started Update UTMP about System Boot/Shutdown.
[[0;32m  OK  [0m] Found device /dev/ttyS0.
[[0;32m  OK  [0m] Listening on Load/Save RF Kill Switch Status /dev/rfkill Watch.
[[0;32m  OK  [0m] Started AppArmor initialization.
         Starting Initial cloud-init job (pre-networking)...
[   41.619535] cloud-init[544]: Cloud-init v. 19.4-33-gbb4131a2-0ubuntu1~18.04.1 running 'init-local' at Sun, 17 May 2020 07:59:39 +0000. Up 40.94 seconds.
[[0;32m  OK  [0m] Started Initial cloud-init job (pre-networking).
[[0;32m  OK  [0m] Reached target Network (Pre).
         Starting Network Service...
[[0;32m  OK  [0m] Started Network Service.
         Starting Network Name Resolution...
         Starting Wait for Network to be Configured...
[[0;32m  OK  [0m] Started Network Name Resolution.
[[0;32m  OK  [0m] Reached target Network.
[[0;32m  OK  [0m] Reached target Host and Network Name Lookups.
[[0;32m  OK  [0m] Started Wait for Network to be Configured.
         Starting Initial cloud-init job (metadata service crawler)...
[   44.165937] cloud-init[649]: Cloud-init v. 19.4-33-gbb4131a2-0ubuntu1~18.04.1 running 'init' at Sun, 17 May 2020 07:59:42 +0000. Up 43.87 seconds.
[   44.175363] cloud-init[649]: ci-info: ++++++++++++++++++++++++++++++++++++++Net device info+++++++++++++++++++++++++++++++++++++++
[   44.202771] cloud-init[649]: ci-info: +--------+-------+----------------------------+---------------+--------+-------------------+
[   44.229852] cloud-init[649]: ci-info: | Device |   Up  |          Address           |      Mask     | Scope  |     Hw-Address    |
[   44.256907] cloud-init[649]: ci-info: +--------+-------+----------------------------+---------------+--------+-------------------+
[   44.296482] cloud-init[649]: ci-info: | enp0s3 |  True |         10.0.2.15          | 255.255.255.0 | global | 02:eb:10:d0:50:f8 |
[   44.337197] cloud-init[649]: ci-info: | enp0s3 |  True | fe80::eb:10ff:fed0:50f8/64 |       .       |  link  | 02:eb:10:d0:50:f8 |
[   44.345472] cloud-init[649]: ci-info: | enp0s8 | False |             .              |       .       |   .    | 08:00:27:c2:9b:9c |
[   44.358276] cloud-init[649]: ci-info: |   lo   |  True |         127.0.0.1          |   255.0.0.0   |  host  |         .         |
[   44.367759] cloud-init[649]: ci-info: |   lo   |  True |          ::1/128           |       .       |  host  |         .         |
[   44.376372] cloud-init[649]: ci-info: +--------+-------+----------------------------+---------------+--------+-------------------+
[   44.384345] cloud-init[649]: ci-info: ++++++++++++++++++++++++++++Route IPv4 info+++++++++++++++++++++++++++++
[   44.392365] cloud-init[649]: ci-info: +-------+-------------+----------+-----------------+-----------+-------+
[   44.399301] cloud-init[649]: ci-info: | Route | Destination | Gateway  |     Genmask     | Interface | Flags |
[   44.406935] cloud-init[649]: ci-info: +-------+-------------+----------+-----------------+-----------+-------+
[   44.414853] cloud-init[649]: ci-info: |   0   |   0.0.0.0   | 10.0.2.2 |     0.0.0.0     |   enp0s3  |   UG  |
[   44.422339] cloud-init[649]: ci-info: |   1   |   10.0.2.0  | 0.0.0.0  |  255.255.255.0  |   enp0s3  |   U   |
[   44.433464] cloud-init[649]: ci-info: |   2   |   10.0.2.2  | 0.0.0.0  | 255.255.255.255 |   enp0s3  |   UH  |
[   44.444945] cloud-init[649]: ci-info: +-------+-------------+----------+-----------------+-----------+-------+
[   44.460505] cloud-init[649]: ci-info: +++++++++++++++++++Route IPv6 info+++++++++++++++++++
[   44.471189] cloud-init[649]: ci-info: +-------+-------------+---------+-----------+-------+
[   44.480454] cloud-init[649]: ci-info: | Route | Destination | Gateway | Interface | Flags |
[   44.490983] cloud-init[649]: ci-info: +-------+-------------+---------+-----------+-------+
[   44.499349] cloud-init[649]: ci-info: |   1   |  fe80::/64  |    ::   |   enp0s3  |   U   |
[   44.508744] cloud-init[649]: ci-info: |   3   |    local    |    ::   |   enp0s3  |   U   |
[   44.519815] cloud-init[649]: ci-info: |   4   |   ff00::/8  |    ::   |   enp0s3  |   U   |
[   44.529135] cloud-init[649]: ci-info: +-------+-------------+---------+-----------+-------+
[   45.975228] cloud-init[649]: Generating public/private rsa key pair.
[   45.981416] cloud-init[649]: Your identification has been saved in /etc/ssh/ssh_host_rsa_key.
[   45.989442] cloud-init[649]: Your public key has been saved in /etc/ssh/ssh_host_rsa_key.pub.
[   45.995772] cloud-init[649]: The key fingerprint is:
[   45.998899] cloud-init[649]: SHA256:oGN+tcEMByp8oDLV/Xh9yGsV/rxcem4tQrCdf/6Fo7Y root@ubuntu-bionic
[   46.005173] cloud-init[649]: The key's randomart image is:
[   46.008707] cloud-init[649]: +---[RSA 2048]----+
[   46.014367] cloud-init[649]: |  o. ..          |
[   46.028218] cloud-init[649]: | + .....    .    |
[   46.042803] cloud-init[649]: |+ o o oo.o o .   |
[   46.103528] cloud-init[649]: |.. o ..*o = +    |
[[0;32m  OK  [0m] Started Initial cloud-init job (metadata service crawler).
[[0;32m  OK  [0m] Reached target Network is Online.
[   46.173725] cloud-init[649]: |    +  .S  B +   |
[   46.237254] cloud-init[649]: |   o . . o+ + o..|
[   46.241204] cloud-init[649]: |    . . .. . oo+o|
[   46.243847] cloud-init[649]: |     .      o.*.*|
[[0;32m  OK  [0m] Reached target Remote File Systems (Pre).
[[0;32m  OK  [0m] Reached target Remote File Systems.
[   46.255292] cloud-init[649]: |           .Eo B=|
         Starting Availability of block devices...
[[0;32m  OK  [0m] Reached target System Initialization.
[[0;32m  OK  [0m] Started Daily apt download activities.
[[0;32m  OK  [0m] Listening on UUID daemon activation socket.
[   46.335303] cloud-init[649]: +----[SHA256]-----+
[[0;32m  OK  [0m] Started ACPI Events Check.
[[0;32m  OK  [0m] Listening on ACPID Listen Socket.
[[0;32m  OK  [0m] Started Message of the Day.
[[0;32m  OK  [0m] Started Daily apt upgrade and clean activities.
[[0;32m  OK  [0m] Started Discard unused blocks once a week.
[   46.386911] cloud-init[649]: Generating public/private dsa key pair.
         Starting LXD - unix socket.
[[0;32m  OK  [0m] Listening on D-Bus System Message Bus Socket.
         [   46.586805] cloud-init[649]: Your identification has been saved in /etc/ssh/ssh_host_dsa_key.
[   46.630515] cloud-init[649]: Your public key has been saved in /etc/ssh/ssh_host_dsa_key.pub.
[   46.630631] cloud-init[649]: The key fingerprint is:
[   46.630754] cloud-init[649]: SHA256:utbyYmu4CiIYn4BwNdtphq9P/PXsYKfW0e6N2uhhe0M root@ubuntu-bionic
[   46.630855] cloud-init[649]: The key's randomart image is:
[   46.630943] cloud-init[649]: +---[DSA 1024]----+
[   46.631037] cloud-init[649]: |    o            |
[   46.631124] cloud-init[649]: |   . = .         |
[   46.631223] cloud-init[649]: |. . o =          |
[   46.631329] cloud-init[649]: |o.   +           |
[   46.631417] cloud-init[649]: |+     . S    .   |
[   46.631511] cloud-init[649]: |.+ . o .    . E  |
[   46.631599] cloud-init[649]: |= o ..+.  +.++   |
[   46.631733] cloud-init[649]: |o.  .o*o.o.B.=+o |
[   46.631853] cloud-init[649]: |  ...=+=o..oO++..|
[   46.631950] cloud-init[649]: +----[SHA256]-----+
Starting Socket activation for snappy daemon.
[   46.635562] cloud-init[649]: Generating public/private ecdsa key pair.
[   46.647421] cloud-init[649]: Your identification has been saved in /etc/ssh/ssh_host_ecdsa_key.
[   46.647690] cloud-init[649]: Your public key has been saved in /etc/ssh/ssh_host_ecdsa_key.pub.
[   46.647815] cloud-init[649]: The key fingerprint is:
[   46.647925] cloud-init[649]: SHA256:kZ+6p1psRmaspSsiFQ7grTUklmnzwKtCaH2sJUIuw+Q root@ubuntu-bionic
[   46.648047] cloud-init[649]: The key's randomart image is:
[   46.648141] cloud-init[649]: +---[ECDSA 256]---+
[   46.648230] cloud-init[649]: |. o              |
[   46.648315] cloud-init[649]: |.% .     .       |
[   46.648409] cloud-init[649]: |% X .   o        |
[   46.648511] cloud-init[649]: |=E.B + . o .     |
[   46.648600] cloud-init[649]: |=++.*   S o      |
[   46.648710] cloud-init[649]: |o.o.   O .       |
[   46.648812] cloud-init[649]: |..    o *        |
[   46.648902] cloud-init[649]: |. . .  = ..      |
[   46.648988] cloud-init[649]: | . . .o.oo       |
[   46.649082] cloud-init[649]: +----[SHA256]-----+
[   46.649170] cloud-init[649]: Generating public/private ed25519 key pair.
[   46.649264] cloud-init[649]: Your identification has been saved in /etc/ssh/ssh_host_ed25519_key.
[   46.649369] cloud-init[649]: Your public key has been saved in /etc/ssh/ssh_host_ed25519_key.pub.
[   46.649465] cloud-init[649]: The key fingerprint is:
[   46.649553] cloud-init[649]: SHA256:/f644k6kVLx/1o/SWeKrbEPIezqRzPBoUuV/cqhr+gQ root@ubuntu-bionic
[   46.649640] cloud-init[649]: The key's randomart image is:
[   46.649747] cloud-init[649]: +--[ED25519 256]--+
[   46.649843] cloud-init[649]: |                 |
[   46.649930] cloud-init[649]: |         ..      |
[   46.650025] cloud-init[649]: |         oo      |
[   46.650128] cloud-init[649]: |        oo..     |
[   46.650216] cloud-init[649]: |       .EB++ .   |
[   46.650307] cloud-init[649]: |      ..o+Oo= +..|
[   46.650396] cloud-init[649]: |       o. o=o*o+.|
[   46.650489] cloud-init[649]: |         o*o=++..|
[[0;32m  OK  [0m] Listening on Open-iSCSI iscsid Socket.
[[0;32m  OK  [0m] Reached target Paths.
[[0;32m  OK  [0m] Started Daily Cleanup of Temporary Directories.
[[0;32m  OK  [0m] Reached target Timers.
[[0;32m  OK  [0m] Reached target Cloud-config availability.
[   46.652568] cloud-init[649]: |        .**B**+..|
[   47.796808] cloud-init[649]: +----[SHA256]-----+
[[0;32m  OK  [0m] Started Availability of block devices.
[[0;32m  OK  [0m] Listening on LXD - unix socket.
[[0;32m  OK  [0m] Listening on Socket activation for snappy daemon.
[[0;32m  OK  [0m] Reached target Sockets.
[[0;32m  OK  [0m] Reached target Basic System.
[[0;32m  OK  [0m] Started D-Bus System Message Bus.
         Starting Virtualbox guest utils...
         Starting Dispatcher daemon for systemd-networkd...
         Starting Pollinate to seed the pseudo random number generator...
         Starting LXD - container startup/shutdown...
         Starting Snappy daemon...
         Starting LSB: Record successful boot for GRUB...
         Starting LSB: automatic crash report generation...
         Starting Login Service...
         Starting Permit User Sessions...
         Starting System Logging Service...
[[0;32m  OK  [0m] Started Deferred execution scheduler.
         Starting Accounts Service...
[[0;32m  OK  [0m] Started irqbalance daemon.
[[0;32m  OK  [0m] Started Regular background program processing daemon.
[[0;32m  OK  [0m] Started FUSE filesystem for LXC.
[[0;32m  OK  [0m] Started Permit User Sessions.
         Starting Terminate Plymouth Boot Screen...
         Starting Hold until boot process finishes up...
[[0;32m  OK  [0m] Started Terminate Plymouth Boot Screen.
[[0;32m  OK  [0m] Started Hold until boot process finishes up.
         Starting Set console scheme...
[[0;32m  OK  [0m] Started Serial Getty on ttyS0.
[[0;32m  OK  [0m] Started System Logging Service.
[[0;32m  OK  [0m] Started Login Service.
[[0;32m  OK  [0m] Started Unattended Upgrades Shutdown.
[[0;32m  OK  [0m] Started Set console scheme.
[[0;32m  OK  [0m] Created slice system-getty.slice.
[[0;32m  OK  [0m] Started Getty on tty1.
[[0;32m  OK  [0m] Reached target Login Prompts.
[[0;32m  OK  [0m] Started LXD - container startup/shutdown.
[[0;32m  OK  [0m] Started LSB: automatic crash report generation.
[[0;32m  OK  [0m] Started LSB: Record successful boot for GRUB.
         Starting Authorization Manager...
[[0;32m  OK  [0m] Started Authorization Manager.
[[0;32m  OK  [0m] Started Accounts Service.
[[0;32m  OK  [0m] Started Virtualbox guest utils.
[[0;32m  OK  [0m] Started Dispatcher daemon for systemd-networkd.
[[0;32m  OK  [0m] Started Snappy daemon.
         Starting Wait until snapd is fully seeded...
[[0;32m  OK  [0m] Started Pollinate to seed the pseudo random number generator.
         Starting OpenBSD Secure Shell server...
[[0;32m  OK  [0m] Started OpenBSD Secure Shell server.
[[0;32m  OK  [0m] Created slice User Slice of vagrant.
         Starting User Manager for UID 1000...
[[0;32m  OK  [0m] Started Session 1 of user vagrant.
[[0;32m  OK  [0m] Started User Manager for UID 1000.

Ubuntu 18.04.4 LTS ubuntu-bionic ttyS0

ubuntu-bionic login: [   65.974858] cloud-init[1511]: Cloud-init v. 19.4-33-gbb4131a2-0ubuntu1~18.04.1 running 'modules:config' at Sun, 17 May 2020 08:00:02 +0000. Up 64.34 seconds.
ci-info: no authorized SSH keys fingerprints found for user ubuntu.
<14>May 17 08:00:05 ec2: 
<14>May 17 08:00:05 ec2: #############################################################
<14>May 17 08:00:05 ec2: -----BEGIN SSH HOST KEY FINGERPRINTS-----
<14>May 17 08:00:05 ec2: 1024 SHA256:utbyYmu4CiIYn4BwNdtphq9P/PXsYKfW0e6N2uhhe0M root@ubuntu-bionic (DSA)
<14>May 17 08:00:05 ec2: 256 SHA256:kZ+6p1psRmaspSsiFQ7grTUklmnzwKtCaH2sJUIuw+Q root@ubuntu-bionic (ECDSA)
<14>May 17 08:00:05 ec2: 256 SHA256:/f644k6kVLx/1o/SWeKrbEPIezqRzPBoUuV/cqhr+gQ root@ubuntu-bionic (ED25519)
<14>May 17 08:00:05 ec2: 2048 SHA256:oGN+tcEMByp8oDLV/Xh9yGsV/rxcem4tQrCdf/6Fo7Y root@ubuntu-bionic (RSA)
<14>May 17 08:00:05 ec2: -----END SSH HOST KEY FINGERPRINTS-----
<14>May 17 08:00:05 ec2: #############################################################
-----BEGIN SSH HOST KEY KEYS-----
ecdsa-sha2-nistp256 AAAAE2VjZHNhLXNoYTItbmlzdHAyNTYAAAAIbmlzdHAyNTYAAABBBFp4oxIwyzZt5xjvRAk2eyHPnn3DDbgDQA5hDyrk/yCXwOOkIxCp7Mm8Fqmg/JUeH9DZp8k/STpVMrOcW1dxf3I= root@ubuntu-bionic
ssh-ed25519 AAAAC3NzaC1lZDI1NTE5AAAAIMCMwwZU1iJK85MZsQiMpBL3uIuXiB2oZZE+s8pfWEMH root@ubuntu-bionic
ssh-rsa AAAAB3NzaC1yc2EAAAADAQABAAABAQCzGI7F0o+UTDecazPdghZQ26YtrSRohYEAbSj7/B828W5Qpt5msLWxBB6wd4wkxcCpFmRQHf4+F/zdA/M30Wuw/Tyo/CreZrVBC0XiuLuWy/4Pf/ojxzaJqTix7JmU/1BrvmUdHse6KZ7pfqcpmmj4XOPDS4vRfRyurMsdiQbElPwKFt5aGr7qGpxDCa4c6irmLr4svoZZ/KwPPE9dyOIf/XWAxz1a/PNAI3D7GI3u6Le2HOzHJ9WG3xTOZUrd5fwqmAVBPItDvPEzXcRm2qabJZ2CBsry1eC+LOUXWNOWJwQXACUNcf78jMWrDPhjFYDnVP54qZLi+mYEvyBXp1ih root@ubuntu-bionic
-----END SSH HOST KEY KEYS-----
[   67.428978] cloud-init[1648]: Cloud-init v. 19.4-33-gbb4131a2-0ubuntu1~18.04.1 running 'modules:final' at Sun, 17 May 2020 08:00:05 +0000. Up 67.14 seconds.
[   67.429177] cloud-init[1648]: ci-info: no authorized SSH keys fingerprints found for user ubuntu.
[   67.429264] cloud-init[1648]: Cloud-init v. 19.4-33-gbb4131a2-0ubuntu1~18.04.1 finished at Sun, 17 May 2020 08:00:05 +0000. Datasource DataSourceNoCloud [seed=/dev/sdb][dsmode=net].  Up 67.40 seconds
